<?xml version="1.0" encoding="UTF-8"?>
<!-- Generated by org.testng.reporters.JUnitReportReporter -->
<testsuite hostname="Desktop-Monitor-1st-Floor-Room3" failures="0" tests="1" name="com.niqsam.testscript.CampaignModule" time="7.189" errors="0" timestamp="2024-11-28T15:38:33 IST" skipped="0">
  <testcase classname="com.niqsam.testscript.CampaignModule" name="createCampaign" time="7.189"/>
  <system-out/>
</testsuite> <!-- com.niqsam.testscript.CampaignModule -->
