<?xml version="1.0" encoding="UTF-8"?>
<!-- Generated by org.testng.reporters.JUnitReportReporter -->
<testsuite hostname="Desktop-Monitor-1st-Floor-Room3" failures="0" tests="1" name="com.niqsam.testscript.AccountModule" time="0.008" errors="0" timestamp="2024-11-29T15:10:23 IST" skipped="0">
  <testcase classname="com.niqsam.testscript.AccountModule" name="createAccount" time="0.008"/>
  <system-out>
    <![CDATA[createAccount]]>
  </system-out>
</testsuite> <!-- com.niqsam.testscript.AccountModule -->
